2019年03月19日 22:45:26  信息 : -------------网关启动完毕-------------------
2019年03月19日 22:59:20  信息 : -------------网关启动完毕-------------------
2019年03月19日 22:59:42  信息 : 已装载共享库/Users/caroceanjofers/studio/github/cj.studio.mic/cmdtools/gateway/lib/share
2019年03月19日 22:59:45  错误: cj.studio.gateway.server.handler.HttpChannelHandler -  异常：java.lang.RuntimeException: java.lang.ClassNotFoundException: cj/studio/nettest/be/stub/IRequestConfigStub
		at jdk.nashorn.internal.runtime.ScriptRuntime.apply(ScriptRuntime.java:397)
		at jdk.nashorn.api.scripting.NashornScriptEngine.evalImpl(NashornScriptEngine.java:449)
		at jdk.nashorn.api.scripting.NashornScriptEngine.evalImpl(NashornScriptEngine.java:406)
		at jdk.nashorn.api.scripting.NashornScriptEngine.evalImpl(NashornScriptEngine.java:402)
		at jdk.nashorn.api.scripting.NashornScriptEngine.eval(NashornScriptEngine.java:155)
		at javax.script.AbstractScriptEngine.eval(AbstractScriptEngine.java:233)
		at cj.studio.ecm.script.ScriptContainer.eval(ScriptContainer.java:142)
		at cj.studio.ecm.script.JssModule.loadJss(JssModule.java:261)
		at cj.studio.ecm.script.JssServiceInstanceFactory.getJssService(JssServiceInstanceFactory.java:254)
		at cj.studio.ecm.script.JssServiceInstanceFactory.getService(JssServiceInstanceFactory.java:215)
		at cj.studio.ecm.script.JssServiceInstanceFactory.getJssInterface(JssServiceInstanceFactory.java:146)
		at cj.studio.ecm.script.JssServiceInstanceFactory.getServices(JssServiceInstanceFactory.java:122)
		at cj.studio.ecm.container.ServiceContainer.getServices(ServiceContainer.java:114)
		at cj.studio.ecm.context.ModuleSite.getServices(ModuleSite.java:132)
		at cj.studio.ecm.context.ModuleSite$DelegateSite.getServices(ModuleSite.java:654)
		at cj.studio.gateway.socket.app.GatewayAppSiteProgram.getWebviewMappings(GatewayAppSiteProgram.java:109)
		at cj.studio.gateway.socket.app.GatewayAppSiteProgram.getService(GatewayAppSiteProgram.java:42)
		at cj.studio.gateway.socket.app.valve.LastWayInputValve.<init>(LastWayInputValve.java:38)
		at cj.studio.gateway.socket.app.pipeline.builder.AppSocketInputPipelineBuilder.createInputPipeline(AppSocketInputPipelineBuilder.java:67)
		at cj.studio.gateway.socket.app.pipeline.builder.AppSocketInputPipelineBuilder.createPipeline(AppSocketInputPipelineBuilder.java:48)
		at cj.studio.gateway.server.handler.HttpChannelHandler.pipelineHttpBuild(HttpChannelHandler.java:503)
		at cj.studio.gateway.server.handler.HttpChannelHandler.flowHttpRequest(HttpChannelHandler.java:469)
		at cj.studio.gateway.server.handler.HttpChannelHandler.handleHttpRequest(HttpChannelHandler.java:218)
		at cj.studio.gateway.server.handler.HttpChannelHandler.messageReceived(HttpChannelHandler.java:114)
		at io.netty.channel.SimpleChannelInboundHandler.channelRead(SimpleChannelInboundHandler.java:103)
		at io.netty.channel.ChannelHandlerInvokerUtil.invokeChannelReadNow(ChannelHandlerInvokerUtil.java:74)
		at io.netty.channel.DefaultChannelHandlerInvoker.invokeChannelRead(DefaultChannelHandlerInvoker.java:138)
		at io.netty.channel.DefaultChannelHandlerContext.fireChannelRead(DefaultChannelHandlerContext.java:320)
		at io.netty.handler.codec.MessageToMessageDecoder.channelRead(MessageToMessageDecoder.java:103)
		at io.netty.handler.codec.MessageToMessageCodec.channelRead(MessageToMessageCodec.java:111)
		at io.netty.channel.ChannelHandlerInvokerUtil.invokeChannelReadNow(ChannelHandlerInvokerUtil.java:74)
		at io.netty.channel.DefaultChannelHandlerInvoker.invokeChannelRead(DefaultChannelHandlerInvoker.java:138)
		at io.netty.channel.DefaultChannelHandlerContext.fireChannelRead(DefaultChannelHandlerContext.java:320)
		at io.netty.handler.codec.ByteToMessageDecoder.channelRead(ByteToMessageDecoder.java:154)
		at io.netty.channel.ChannelHandlerInvokerUtil.invokeChannelReadNow(ChannelHandlerInvokerUtil.java:74)
		at io.netty.channel.DefaultChannelHandlerInvoker.invokeChannelRead(DefaultChannelHandlerInvoker.java:138)
		at io.netty.channel.DefaultChannelHandlerContext.fireChannelRead(DefaultChannelHandlerContext.java:320)
		at io.netty.channel.DefaultChannelPipeline.fireChannelRead(DefaultChannelPipeline.java:846)
		at io.netty.channel.nio.AbstractNioByteChannel$NioByteUnsafe.read(AbstractNioByteChannel.java:127)
		at io.netty.channel.nio.NioEventLoop.processSelectedKey(NioEventLoop.java:485)
		at io.netty.channel.nio.NioEventLoop.processSelectedKeysOptimized(NioEventLoop.java:452)
		at io.netty.channel.nio.NioEventLoop.run(NioEventLoop.java:346)
		at io.netty.util.concurrent.SingleThreadEventExecutor$5.run(SingleThreadEventExecutor.java:794)
		at java.lang.Thread.run(Thread.java:748)
	Cause by:
		at java.lang.Class.forName0(Class.java:-2)
		at java.lang.Class.forName(Class.java:348)
		at jdk.nashorn.internal.runtime.Context.findClass(Context.java:1051)
		at jdk.nashorn.internal.objects.NativeJava.simpleType(NativeJava.java:498)
		at jdk.nashorn.internal.objects.NativeJava.type(NativeJava.java:322)
		at jdk.nashorn.internal.objects.NativeJava.type(NativeJava.java:314)
		at jdk.nashorn.internal.objects.NativeJava.type(NativeJava.java:310)
		at jdk.nashorn.internal.scripts.Script$Recompilation$197$502A$\^eval\_.L:22(<eval>:29)
		at jdk.nashorn.internal.scripts.Script$Recompilation$196$167AA$\^eval\_.L:10(<eval>:20)
		at jdk.nashorn.internal.scripts.Script$195$\^eval\_.:program(<eval>:10)
		at jdk.nashorn.internal.runtime.ScriptFunctionData.invoke(ScriptFunctionData.java:637)
		at jdk.nashorn.internal.runtime.ScriptFunction.invoke(ScriptFunction.java:494)
		at jdk.nashorn.internal.runtime.ScriptRuntime.apply(ScriptRuntime.java:393)
		at jdk.nashorn.api.scripting.NashornScriptEngine.evalImpl(NashornScriptEngine.java:449)
		at jdk.nashorn.api.scripting.NashornScriptEngine.evalImpl(NashornScriptEngine.java:406)
		at jdk.nashorn.api.scripting.NashornScriptEngine.evalImpl(NashornScriptEngine.java:402)
		at jdk.nashorn.api.scripting.NashornScriptEngine.eval(NashornScriptEngine.java:155)
		at javax.script.AbstractScriptEngine.eval(AbstractScriptEngine.java:233)
		at cj.studio.ecm.script.ScriptContainer.eval(ScriptContainer.java:142)
		at cj.studio.ecm.script.JssModule.loadJss(JssModule.java:261)
		at cj.studio.ecm.script.JssServiceInstanceFactory.getJssService(JssServiceInstanceFactory.java:254)
		at cj.studio.ecm.script.JssServiceInstanceFactory.getService(JssServiceInstanceFactory.java:215)
		at cj.studio.ecm.script.JssServiceInstanceFactory.getJssInterface(JssServiceInstanceFactory.java:146)
		at cj.studio.ecm.script.JssServiceInstanceFactory.getServices(JssServiceInstanceFactory.java:122)
		at cj.studio.ecm.container.ServiceContainer.getServices(ServiceContainer.java:114)
		at cj.studio.ecm.context.ModuleSite.getServices(ModuleSite.java:132)
		at cj.studio.ecm.context.ModuleSite$DelegateSite.getServices(ModuleSite.java:654)
		at cj.studio.gateway.socket.app.GatewayAppSiteProgram.getWebviewMappings(GatewayAppSiteProgram.java:109)
		at cj.studio.gateway.socket.app.GatewayAppSiteProgram.getService(GatewayAppSiteProgram.java:42)
		at cj.studio.gateway.socket.app.valve.LastWayInputValve.<init>(LastWayInputValve.java:38)
		at cj.studio.gateway.socket.app.pipeline.builder.AppSocketInputPipelineBuilder.createInputPipeline(AppSocketInputPipelineBuilder.java:67)
		at cj.studio.gateway.socket.app.pipeline.builder.AppSocketInputPipelineBuilder.createPipeline(AppSocketInputPipelineBuilder.java:48)
		at cj.studio.gateway.server.handler.HttpChannelHandler.pipelineHttpBuild(HttpChannelHandler.java:503)
		at cj.studio.gateway.server.handler.HttpChannelHandler.flowHttpRequest(HttpChannelHandler.java:469)
		at cj.studio.gateway.server.handler.HttpChannelHandler.handleHttpRequest(HttpChannelHandler.java:218)
		at cj.studio.gateway.server.handler.HttpChannelHandler.messageReceived(HttpChannelHandler.java:114)
		at io.netty.channel.SimpleChannelInboundHandler.channelRead(SimpleChannelInboundHandler.java:103)
		at io.netty.channel.ChannelHandlerInvokerUtil.invokeChannelReadNow(ChannelHandlerInvokerUtil.java:74)
		at io.netty.channel.DefaultChannelHandlerInvoker.invokeChannelRead(DefaultChannelHandlerInvoker.java:138)
		at io.netty.channel.DefaultChannelHandlerContext.fireChannelRead(DefaultChannelHandlerContext.java:320)
		at io.netty.handler.codec.MessageToMessageDecoder.channelRead(MessageToMessageDecoder.java:103)
		at io.netty.handler.codec.MessageToMessageCodec.channelRead(MessageToMessageCodec.java:111)
		at io.netty.channel.ChannelHandlerInvokerUtil.invokeChannelReadNow(ChannelHandlerInvokerUtil.java:74)
		at io.netty.channel.DefaultChannelHandlerInvoker.invokeChannelRead(DefaultChannelHandlerInvoker.java:138)
		at io.netty.channel.DefaultChannelHandlerContext.fireChannelRead(DefaultChannelHandlerContext.java:320)
		at io.netty.handler.codec.ByteToMessageDecoder.channelRead(ByteToMessageDecoder.java:154)
		at io.netty.channel.ChannelHandlerInvokerUtil.invokeChannelReadNow(ChannelHandlerInvokerUtil.java:74)
		at io.netty.channel.DefaultChannelHandlerInvoker.invokeChannelRead(DefaultChannelHandlerInvoker.java:138)
		at io.netty.channel.DefaultChannelHandlerContext.fireChannelRead(DefaultChannelHandlerContext.java:320)
		at io.netty.channel.DefaultChannelPipeline.fireChannelRead(DefaultChannelPipeline.java:846)
		at io.netty.channel.nio.AbstractNioByteChannel$NioByteUnsafe.read(AbstractNioByteChannel.java:127)
		at io.netty.channel.nio.NioEventLoop.processSelectedKey(NioEventLoop.java:485)
		at io.netty.channel.nio.NioEventLoop.processSelectedKeysOptimized(NioEventLoop.java:452)
		at io.netty.channel.nio.NioEventLoop.run(NioEventLoop.java:346)
		at io.netty.util.concurrent.SingleThreadEventExecutor$5.run(SingleThreadEventExecutor.java:794)
		at java.lang.Thread.run(Thread.java:748)
2019年03月19日 23:00:09  信息 : -------------网关启动完毕-------------------
2019年03月19日 23:00:26  信息 : 已装载共享库/Users/caroceanjofers/studio/github/cj.studio.mic/cmdtools/gateway/lib/share
2019年03月19日 23:00:29  错误: cj.studio.gateway.server.handler.HttpChannelHandler -  异常：java.lang.RuntimeException: java.lang.ClassNotFoundException: cj/studio/nettest/be/stub/IRequestConfigStub
		at jdk.nashorn.internal.runtime.ScriptRuntime.apply(ScriptRuntime.java:397)
		at jdk.nashorn.api.scripting.NashornScriptEngine.evalImpl(NashornScriptEngine.java:449)
		at jdk.nashorn.api.scripting.NashornScriptEngine.evalImpl(NashornScriptEngine.java:406)
		at jdk.nashorn.api.scripting.NashornScriptEngine.evalImpl(NashornScriptEngine.java:402)
		at jdk.nashorn.api.scripting.NashornScriptEngine.eval(NashornScriptEngine.java:155)
		at javax.script.AbstractScriptEngine.eval(AbstractScriptEngine.java:233)
		at cj.studio.ecm.script.ScriptContainer.eval(ScriptContainer.java:142)
		at cj.studio.ecm.script.JssModule.loadJss(JssModule.java:261)
		at cj.studio.ecm.script.JssServiceInstanceFactory.getJssService(JssServiceInstanceFactory.java:254)
		at cj.studio.ecm.script.JssServiceInstanceFactory.getService(JssServiceInstanceFactory.java:215)
		at cj.studio.ecm.script.JssServiceInstanceFactory.getJssInterface(JssServiceInstanceFactory.java:146)
		at cj.studio.ecm.script.JssServiceInstanceFactory.getServices(JssServiceInstanceFactory.java:122)
		at cj.studio.ecm.container.ServiceContainer.getServices(ServiceContainer.java:114)
		at cj.studio.ecm.context.ModuleSite.getServices(ModuleSite.java:132)
		at cj.studio.ecm.context.ModuleSite$DelegateSite.getServices(ModuleSite.java:654)
		at cj.studio.gateway.socket.app.GatewayAppSiteProgram.getWebviewMappings(GatewayAppSiteProgram.java:109)
		at cj.studio.gateway.socket.app.GatewayAppSiteProgram.getService(GatewayAppSiteProgram.java:42)
		at cj.studio.gateway.socket.app.valve.LastWayInputValve.<init>(LastWayInputValve.java:38)
		at cj.studio.gateway.socket.app.pipeline.builder.AppSocketInputPipelineBuilder.createInputPipeline(AppSocketInputPipelineBuilder.java:67)
		at cj.studio.gateway.socket.app.pipeline.builder.AppSocketInputPipelineBuilder.createPipeline(AppSocketInputPipelineBuilder.java:48)
		at cj.studio.gateway.server.handler.HttpChannelHandler.pipelineHttpBuild(HttpChannelHandler.java:503)
		at cj.studio.gateway.server.handler.HttpChannelHandler.flowHttpRequest(HttpChannelHandler.java:469)
		at cj.studio.gateway.server.handler.HttpChannelHandler.handleHttpRequest(HttpChannelHandler.java:218)
		at cj.studio.gateway.server.handler.HttpChannelHandler.messageReceived(HttpChannelHandler.java:114)
		at io.netty.channel.SimpleChannelInboundHandler.channelRead(SimpleChannelInboundHandler.java:103)
		at io.netty.channel.ChannelHandlerInvokerUtil.invokeChannelReadNow(ChannelHandlerInvokerUtil.java:74)
		at io.netty.channel.DefaultChannelHandlerInvoker.invokeChannelRead(DefaultChannelHandlerInvoker.java:138)
		at io.netty.channel.DefaultChannelHandlerContext.fireChannelRead(DefaultChannelHandlerContext.java:320)
		at io.netty.handler.codec.MessageToMessageDecoder.channelRead(MessageToMessageDecoder.java:103)
		at io.netty.handler.codec.MessageToMessageCodec.channelRead(MessageToMessageCodec.java:111)
		at io.netty.channel.ChannelHandlerInvokerUtil.invokeChannelReadNow(ChannelHandlerInvokerUtil.java:74)
		at io.netty.channel.DefaultChannelHandlerInvoker.invokeChannelRead(DefaultChannelHandlerInvoker.java:138)
		at io.netty.channel.DefaultChannelHandlerContext.fireChannelRead(DefaultChannelHandlerContext.java:320)
		at io.netty.handler.codec.ByteToMessageDecoder.channelRead(ByteToMessageDecoder.java:154)
		at io.netty.channel.ChannelHandlerInvokerUtil.invokeChannelReadNow(ChannelHandlerInvokerUtil.java:74)
		at io.netty.channel.DefaultChannelHandlerInvoker.invokeChannelRead(DefaultChannelHandlerInvoker.java:138)
		at io.netty.channel.DefaultChannelHandlerContext.fireChannelRead(DefaultChannelHandlerContext.java:320)
		at io.netty.channel.DefaultChannelPipeline.fireChannelRead(DefaultChannelPipeline.java:846)
		at io.netty.channel.nio.AbstractNioByteChannel$NioByteUnsafe.read(AbstractNioByteChannel.java:127)
		at io.netty.channel.nio.NioEventLoop.processSelectedKey(NioEventLoop.java:485)
		at io.netty.channel.nio.NioEventLoop.processSelectedKeysOptimized(NioEventLoop.java:452)
		at io.netty.channel.nio.NioEventLoop.run(NioEventLoop.java:346)
		at io.netty.util.concurrent.SingleThreadEventExecutor$5.run(SingleThreadEventExecutor.java:794)
		at java.lang.Thread.run(Thread.java:748)
	Cause by:
		at java.lang.Class.forName0(Class.java:-2)
		at java.lang.Class.forName(Class.java:348)
		at jdk.nashorn.internal.runtime.Context.findClass(Context.java:1051)
		at jdk.nashorn.internal.objects.NativeJava.simpleType(NativeJava.java:498)
		at jdk.nashorn.internal.objects.NativeJava.type(NativeJava.java:322)
		at jdk.nashorn.internal.objects.NativeJava.type(NativeJava.java:314)
		at jdk.nashorn.internal.objects.NativeJava.type(NativeJava.java:310)
		at jdk.nashorn.internal.scripts.Script$Recompilation$197$502A$\^eval\_.L:22(<eval>:29)
		at jdk.nashorn.internal.scripts.Script$Recompilation$196$167AA$\^eval\_.L:10(<eval>:20)
		at jdk.nashorn.internal.scripts.Script$195$\^eval\_.:program(<eval>:10)
		at jdk.nashorn.internal.runtime.ScriptFunctionData.invoke(ScriptFunctionData.java:637)
		at jdk.nashorn.internal.runtime.ScriptFunction.invoke(ScriptFunction.java:494)
		at jdk.nashorn.internal.runtime.ScriptRuntime.apply(ScriptRuntime.java:393)
		at jdk.nashorn.api.scripting.NashornScriptEngine.evalImpl(NashornScriptEngine.java:449)
		at jdk.nashorn.api.scripting.NashornScriptEngine.evalImpl(NashornScriptEngine.java:406)
		at jdk.nashorn.api.scripting.NashornScriptEngine.evalImpl(NashornScriptEngine.java:402)
		at jdk.nashorn.api.scripting.NashornScriptEngine.eval(NashornScriptEngine.java:155)
		at javax.script.AbstractScriptEngine.eval(AbstractScriptEngine.java:233)
		at cj.studio.ecm.script.ScriptContainer.eval(ScriptContainer.java:142)
		at cj.studio.ecm.script.JssModule.loadJss(JssModule.java:261)
		at cj.studio.ecm.script.JssServiceInstanceFactory.getJssService(JssServiceInstanceFactory.java:254)
		at cj.studio.ecm.script.JssServiceInstanceFactory.getService(JssServiceInstanceFactory.java:215)
		at cj.studio.ecm.script.JssServiceInstanceFactory.getJssInterface(JssServiceInstanceFactory.java:146)
		at cj.studio.ecm.script.JssServiceInstanceFactory.getServices(JssServiceInstanceFactory.java:122)
		at cj.studio.ecm.container.ServiceContainer.getServices(ServiceContainer.java:114)
		at cj.studio.ecm.context.ModuleSite.getServices(ModuleSite.java:132)
		at cj.studio.ecm.context.ModuleSite$DelegateSite.getServices(ModuleSite.java:654)
		at cj.studio.gateway.socket.app.GatewayAppSiteProgram.getWebviewMappings(GatewayAppSiteProgram.java:109)
		at cj.studio.gateway.socket.app.GatewayAppSiteProgram.getService(GatewayAppSiteProgram.java:42)
		at cj.studio.gateway.socket.app.valve.LastWayInputValve.<init>(LastWayInputValve.java:38)
		at cj.studio.gateway.socket.app.pipeline.builder.AppSocketInputPipelineBuilder.createInputPipeline(AppSocketInputPipelineBuilder.java:67)
		at cj.studio.gateway.socket.app.pipeline.builder.AppSocketInputPipelineBuilder.createPipeline(AppSocketInputPipelineBuilder.java:48)
		at cj.studio.gateway.server.handler.HttpChannelHandler.pipelineHttpBuild(HttpChannelHandler.java:503)
		at cj.studio.gateway.server.handler.HttpChannelHandler.flowHttpRequest(HttpChannelHandler.java:469)
		at cj.studio.gateway.server.handler.HttpChannelHandler.handleHttpRequest(HttpChannelHandler.java:218)
		at cj.studio.gateway.server.handler.HttpChannelHandler.messageReceived(HttpChannelHandler.java:114)
		at io.netty.channel.SimpleChannelInboundHandler.channelRead(SimpleChannelInboundHandler.java:103)
		at io.netty.channel.ChannelHandlerInvokerUtil.invokeChannelReadNow(ChannelHandlerInvokerUtil.java:74)
		at io.netty.channel.DefaultChannelHandlerInvoker.invokeChannelRead(DefaultChannelHandlerInvoker.java:138)
		at io.netty.channel.DefaultChannelHandlerContext.fireChannelRead(DefaultChannelHandlerContext.java:320)
		at io.netty.handler.codec.MessageToMessageDecoder.channelRead(MessageToMessageDecoder.java:103)
		at io.netty.handler.codec.MessageToMessageCodec.channelRead(MessageToMessageCodec.java:111)
		at io.netty.channel.ChannelHandlerInvokerUtil.invokeChannelReadNow(ChannelHandlerInvokerUtil.java:74)
		at io.netty.channel.DefaultChannelHandlerInvoker.invokeChannelRead(DefaultChannelHandlerInvoker.java:138)
		at io.netty.channel.DefaultChannelHandlerContext.fireChannelRead(DefaultChannelHandlerContext.java:320)
		at io.netty.handler.codec.ByteToMessageDecoder.channelRead(ByteToMessageDecoder.java:154)
		at io.netty.channel.ChannelHandlerInvokerUtil.invokeChannelReadNow(ChannelHandlerInvokerUtil.java:74)
		at io.netty.channel.DefaultChannelHandlerInvoker.invokeChannelRead(DefaultChannelHandlerInvoker.java:138)
		at io.netty.channel.DefaultChannelHandlerContext.fireChannelRead(DefaultChannelHandlerContext.java:320)
		at io.netty.channel.DefaultChannelPipeline.fireChannelRead(DefaultChannelPipeline.java:846)
		at io.netty.channel.nio.AbstractNioByteChannel$NioByteUnsafe.read(AbstractNioByteChannel.java:127)
		at io.netty.channel.nio.NioEventLoop.processSelectedKey(NioEventLoop.java:485)
		at io.netty.channel.nio.NioEventLoop.processSelectedKeysOptimized(NioEventLoop.java:452)
		at io.netty.channel.nio.NioEventLoop.run(NioEventLoop.java:346)
		at io.netty.util.concurrent.SingleThreadEventExecutor$5.run(SingleThreadEventExecutor.java:794)
		at java.lang.Thread.run(Thread.java:748)
2019年03月19日 23:02:12  错误: cj.studio.gateway.server.handler.HttpChannelHandler -  异常：java.lang.RuntimeException: java.lang.ClassNotFoundException: cj/studio/nettest/be/stub/IProjectTreeStub
		at jdk.nashorn.internal.runtime.ScriptRuntime.apply(ScriptRuntime.java:397)
		at jdk.nashorn.api.scripting.NashornScriptEngine.evalImpl(NashornScriptEngine.java:449)
		at jdk.nashorn.api.scripting.NashornScriptEngine.evalImpl(NashornScriptEngine.java:406)
		at jdk.nashorn.api.scripting.NashornScriptEngine.evalImpl(NashornScriptEngine.java:402)
		at jdk.nashorn.api.scripting.NashornScriptEngine.eval(NashornScriptEngine.java:155)
		at javax.script.AbstractScriptEngine.eval(AbstractScriptEngine.java:233)
		at cj.studio.ecm.script.ScriptContainer.eval(ScriptContainer.java:142)
		at cj.studio.ecm.script.JssModule.loadJss(JssModule.java:261)
		at cj.studio.ecm.script.JssServiceInstanceFactory.getJssService(JssServiceInstanceFactory.java:254)
		at cj.studio.ecm.script.JssServiceInstanceFactory.getService(JssServiceInstanceFactory.java:215)
		at cj.studio.ecm.container.ServiceContainer.getService(ServiceContainer.java:66)
		at cj.studio.ecm.context.ModuleSite.getService(ModuleSite.java:120)
		at cj.studio.ecm.context.ModuleSite$DelegateSite.getService(ModuleSite.java:659)
		at cj.studio.gateway.socket.app.GatewayAppSiteProgram.getService(GatewayAppSiteProgram.java:61)
		at cj.studio.gateway.socket.app.valve.LastWayInputValve.renderJssDocument(LastWayInputValve.java:138)
		at cj.studio.gateway.socket.app.valve.LastWayInputValve.flow(LastWayInputValve.java:95)
		at cj.studio.gateway.socket.pipeline.InputPipeline.nextFlow(InputPipeline.java:114)
		at cj.studio.mic.program.valve.SecurityValve.flow(SecurityValve.java:57)
		at cj.studio.gateway.socket.pipeline.InputPipeline.nextFlow(InputPipeline.java:114)
		at cj.studio.mic.program.valve.DecodeValve.flow(DecodeValve.java:30)
		at cj.studio.gateway.socket.pipeline.InputPipeline.nextFlow(InputPipeline.java:114)
		at cj.studio.gateway.socket.app.valve.CheckSessionInputValve.flow(CheckSessionInputValve.java:58)
		at cj.studio.gateway.socket.pipeline.InputPipeline.nextFlow(InputPipeline.java:114)
		at cj.studio.gateway.socket.app.valve.CheckErrorInputVavle.flow(CheckErrorInputVavle.java:39)
		at cj.studio.gateway.socket.pipeline.InputPipeline.nextFlow(InputPipeline.java:114)
		at cj.studio.gateway.socket.app.valve.CheckUrlInputValve.flow(CheckUrlInputValve.java:44)
		at cj.studio.gateway.socket.pipeline.InputPipeline.nextFlow(InputPipeline.java:114)
		at cj.studio.gateway.socket.app.valve.FirstWayInputValve.flow(FirstWayInputValve.java:23)
		at cj.studio.gateway.socket.pipeline.InputPipeline.nextFlow(InputPipeline.java:108)
		at cj.studio.gateway.socket.pipeline.InputPipeline.headFlow(InputPipeline.java:76)
		at cj.studio.gateway.server.handler.HttpChannelHandler.flowHttpPipeline(HttpChannelHandler.java:480)
		at cj.studio.gateway.server.handler.HttpChannelHandler.flowHttpRequest(HttpChannelHandler.java:463)
		at cj.studio.gateway.server.handler.HttpChannelHandler.handleHttpRequest(HttpChannelHandler.java:218)
		at cj.studio.gateway.server.handler.HttpChannelHandler.messageReceived(HttpChannelHandler.java:114)
		at io.netty.channel.SimpleChannelInboundHandler.channelRead(SimpleChannelInboundHandler.java:103)
		at io.netty.channel.ChannelHandlerInvokerUtil.invokeChannelReadNow(ChannelHandlerInvokerUtil.java:74)
		at io.netty.channel.DefaultChannelHandlerInvoker.invokeChannelRead(DefaultChannelHandlerInvoker.java:138)
		at io.netty.channel.DefaultChannelHandlerContext.fireChannelRead(DefaultChannelHandlerContext.java:320)
		at io.netty.handler.codec.MessageToMessageDecoder.channelRead(MessageToMessageDecoder.java:103)
		at io.netty.handler.codec.MessageToMessageCodec.channelRead(MessageToMessageCodec.java:111)
		at io.netty.channel.ChannelHandlerInvokerUtil.invokeChannelReadNow(ChannelHandlerInvokerUtil.java:74)
		at io.netty.channel.DefaultChannelHandlerInvoker.invokeChannelRead(DefaultChannelHandlerInvoker.java:138)
		at io.netty.channel.DefaultChannelHandlerContext.fireChannelRead(DefaultChannelHandlerContext.java:320)
		at io.netty.handler.codec.ByteToMessageDecoder.channelRead(ByteToMessageDecoder.java:154)
		at io.netty.channel.ChannelHandlerInvokerUtil.invokeChannelReadNow(ChannelHandlerInvokerUtil.java:74)
		at io.netty.channel.DefaultChannelHandlerInvoker.invokeChannelRead(DefaultChannelHandlerInvoker.java:138)
		at io.netty.channel.DefaultChannelHandlerContext.fireChannelRead(DefaultChannelHandlerContext.java:320)
		at io.netty.channel.DefaultChannelPipeline.fireChannelRead(DefaultChannelPipeline.java:846)
		at io.netty.channel.nio.AbstractNioByteChannel$NioByteUnsafe.read(AbstractNioByteChannel.java:127)
		at io.netty.channel.nio.NioEventLoop.processSelectedKey(NioEventLoop.java:485)
		at io.netty.channel.nio.NioEventLoop.processSelectedKeysOptimized(NioEventLoop.java:452)
		at io.netty.channel.nio.NioEventLoop.run(NioEventLoop.java:346)
		at io.netty.util.concurrent.SingleThreadEventExecutor$5.run(SingleThreadEventExecutor.java:794)
		at java.lang.Thread.run(Thread.java:748)
	Cause by:
		at java.lang.Class.forName0(Class.java:-2)
		at java.lang.Class.forName(Class.java:348)
		at jdk.nashorn.internal.runtime.Context.findClass(Context.java:1051)
		at jdk.nashorn.internal.objects.NativeJava.simpleType(NativeJava.java:498)
		at jdk.nashorn.internal.objects.NativeJava.type(NativeJava.java:322)
		at jdk.nashorn.internal.objects.NativeJava.type(NativeJava.java:314)
		at jdk.nashorn.internal.objects.NativeJava.type(NativeJava.java:310)
		at jdk.nashorn.internal.scripts.Script$Recompilation$204$452A$\^eval\_.L:22(<eval>:29)
		at jdk.nashorn.internal.scripts.Script$Recompilation$203$167AA$\^eval\_.L:10(<eval>:20)
		at jdk.nashorn.internal.scripts.Script$202$\^eval\_.:program(<eval>:10)
		at jdk.nashorn.internal.runtime.ScriptFunctionData.invoke(ScriptFunctionData.java:637)
		at jdk.nashorn.internal.runtime.ScriptFunction.invoke(ScriptFunction.java:494)
		at jdk.nashorn.internal.runtime.ScriptRuntime.apply(ScriptRuntime.java:393)
		at jdk.nashorn.api.scripting.NashornScriptEngine.evalImpl(NashornScriptEngine.java:449)
		at jdk.nashorn.api.scripting.NashornScriptEngine.evalImpl(NashornScriptEngine.java:406)
		at jdk.nashorn.api.scripting.NashornScriptEngine.evalImpl(NashornScriptEngine.java:402)
		at jdk.nashorn.api.scripting.NashornScriptEngine.eval(NashornScriptEngine.java:155)
		at javax.script.AbstractScriptEngine.eval(AbstractScriptEngine.java:233)
		at cj.studio.ecm.script.ScriptContainer.eval(ScriptContainer.java:142)
		at cj.studio.ecm.script.JssModule.loadJss(JssModule.java:261)
		at cj.studio.ecm.script.JssServiceInstanceFactory.getJssService(JssServiceInstanceFactory.java:254)
		at cj.studio.ecm.script.JssServiceInstanceFactory.getService(JssServiceInstanceFactory.java:215)
		at cj.studio.ecm.container.ServiceContainer.getService(ServiceContainer.java:66)
		at cj.studio.ecm.context.ModuleSite.getService(ModuleSite.java:120)
		at cj.studio.ecm.context.ModuleSite$DelegateSite.getService(ModuleSite.java:659)
		at cj.studio.gateway.socket.app.GatewayAppSiteProgram.getService(GatewayAppSiteProgram.java:61)
		at cj.studio.gateway.socket.app.valve.LastWayInputValve.renderJssDocument(LastWayInputValve.java:138)
		at cj.studio.gateway.socket.app.valve.LastWayInputValve.flow(LastWayInputValve.java:95)
		at cj.studio.gateway.socket.pipeline.InputPipeline.nextFlow(InputPipeline.java:114)
		at cj.studio.mic.program.valve.SecurityValve.flow(SecurityValve.java:57)
		at cj.studio.gateway.socket.pipeline.InputPipeline.nextFlow(InputPipeline.java:114)
		at cj.studio.mic.program.valve.DecodeValve.flow(DecodeValve.java:30)
		at cj.studio.gateway.socket.pipeline.InputPipeline.nextFlow(InputPipeline.java:114)
		at cj.studio.gateway.socket.app.valve.CheckSessionInputValve.flow(CheckSessionInputValve.java:58)
		at cj.studio.gateway.socket.pipeline.InputPipeline.nextFlow(InputPipeline.java:114)
		at cj.studio.gateway.socket.app.valve.CheckErrorInputVavle.flow(CheckErrorInputVavle.java:39)
		at cj.studio.gateway.socket.pipeline.InputPipeline.nextFlow(InputPipeline.java:114)
		at cj.studio.gateway.socket.app.valve.CheckUrlInputValve.flow(CheckUrlInputValve.java:44)
		at cj.studio.gateway.socket.pipeline.InputPipeline.nextFlow(InputPipeline.java:114)
		at cj.studio.gateway.socket.app.valve.FirstWayInputValve.flow(FirstWayInputValve.java:23)
		at cj.studio.gateway.socket.pipeline.InputPipeline.nextFlow(InputPipeline.java:108)
		at cj.studio.gateway.socket.pipeline.InputPipeline.headFlow(InputPipeline.java:76)
		at cj.studio.gateway.server.handler.HttpChannelHandler.flowHttpPipeline(HttpChannelHandler.java:480)
		at cj.studio.gateway.server.handler.HttpChannelHandler.flowHttpRequest(HttpChannelHandler.java:463)
		at cj.studio.gateway.server.handler.HttpChannelHandler.handleHttpRequest(HttpChannelHandler.java:218)
		at cj.studio.gateway.server.handler.HttpChannelHandler.messageReceived(HttpChannelHandler.java:114)
		at io.netty.channel.SimpleChannelInboundHandler.channelRead(SimpleChannelInboundHandler.java:103)
		at io.netty.channel.ChannelHandlerInvokerUtil.invokeChannelReadNow(ChannelHandlerInvokerUtil.java:74)
		at io.netty.channel.DefaultChannelHandlerInvoker.invokeChannelRead(DefaultChannelHandlerInvoker.java:138)
		at io.netty.channel.DefaultChannelHandlerContext.fireChannelRead(DefaultChannelHandlerContext.java:320)
		at io.netty.handler.codec.MessageToMessageDecoder.channelRead(MessageToMessageDecoder.java:103)
		at io.netty.handler.codec.MessageToMessageCodec.channelRead(MessageToMessageCodec.java:111)
		at io.netty.channel.ChannelHandlerInvokerUtil.invokeChannelReadNow(ChannelHandlerInvokerUtil.java:74)
		at io.netty.channel.DefaultChannelHandlerInvoker.invokeChannelRead(DefaultChannelHandlerInvoker.java:138)
		at io.netty.channel.DefaultChannelHandlerContext.fireChannelRead(DefaultChannelHandlerContext.java:320)
		at io.netty.handler.codec.ByteToMessageDecoder.channelRead(ByteToMessageDecoder.java:154)
		at io.netty.channel.ChannelHandlerInvokerUtil.invokeChannelReadNow(ChannelHandlerInvokerUtil.java:74)
		at io.netty.channel.DefaultChannelHandlerInvoker.invokeChannelRead(DefaultChannelHandlerInvoker.java:138)
		at io.netty.channel.DefaultChannelHandlerContext.fireChannelRead(DefaultChannelHandlerContext.java:320)
		at io.netty.channel.DefaultChannelPipeline.fireChannelRead(DefaultChannelPipeline.java:846)
		at io.netty.channel.nio.AbstractNioByteChannel$NioByteUnsafe.read(AbstractNioByteChannel.java:127)
		at io.netty.channel.nio.NioEventLoop.processSelectedKey(NioEventLoop.java:485)
		at io.netty.channel.nio.NioEventLoop.processSelectedKeysOptimized(NioEventLoop.java:452)
		at io.netty.channel.nio.NioEventLoop.run(NioEventLoop.java:346)
		at io.netty.util.concurrent.SingleThreadEventExecutor$5.run(SingleThreadEventExecutor.java:794)
		at java.lang.Thread.run(Thread.java:748)
2019年03月19日 23:03:22  错误: cj.studio.gateway.server.handler.HttpChannelHandler - 资源文件不存在:/views/netprotocol-get.service
2019年03月19日 23:03:22  错误: cj.studio.gateway.server.handler.HttpChannelHandler - 资源文件不存在:/views/headline-get.service
2019年03月19日 23:03:22  错误: cj.studio.gateway.server.handler.HttpChannelHandler - 资源文件不存在:/views/request-header-get.service
2019年03月19日 23:03:22  错误: cj.studio.gateway.server.handler.HttpChannelHandler - 资源文件不存在:/views/request-response-get.service
2019年03月19日 23:03:22  错误: cj.studio.gateway.server.handler.HttpChannelHandler - 资源文件不存在:/views/host-get.service
2019年03月19日 23:03:22  错误: cj.studio.gateway.server.handler.HttpChannelHandler - 资源文件不存在:/views/request-content-type-get.service
2019年03月19日 23:03:22  错误: cj.studio.gateway.server.handler.HttpChannelHandler - 资源文件不存在:/views/request-parameter-get.service
